{"/Users/thijssmudde/Projects/courses/storybook-course/src/Badge.tsx": {"path":"/Users/thijssmudde/Projects/courses/storybook-course/src/Badge.tsx","statementMap":{"0":{"start":{"line":1,"column":0},"end":{"line":1,"column":34}},"1":{"start":{"line":2,"column":0},"end":{"line":2,"column":36}},"2":{"start":{"line":16,"column":58},"end":{"line":22,"column":2}},"3":{"start":{"line":24,"column":52},"end":{"line":28,"column":2}},"4":{"start":{"line":30,"column":37},"end":{"line":65,"column":1}},"5":{"start":{"line":31,"column":9},"end":{"line":31,"column":null}},"6":{"start":{"line":32,"column":2},"end":{"line":32,"column":6}},"7":{"start":{"line":32,"column":6},"end":{"line":32,"column":null}},"8":{"start":{"line":33,"column":13},"end":{"line":33,"column":null}},"9":{"start":{"line":34,"column":14},"end":{"line":34,"column":null}},"10":{"start":{"line":35,"column":11},"end":{"line":35,"column":null}},"11":{"start":{"line":36,"column":10},"end":{"line":36,"column":null}},"12":{"start":{"line":38,"column":32},"end":{"line":38,"column":60}},"13":{"start":{"line":39,"column":29},"end":{"line":39,"column":51}},"14":{"start":{"line":41,"column":2},"end":{"line":64,"column":4}},"15":{"start":{"line":30,"column":13},"end":{"line":30,"column":37}}},"fnMap":{"0":{"name":"(anonymous_0)","decl":{"start":{"line":30,"column":37},"end":{"line":30,"column":38}},"loc":{"start":{"line":37,"column":1},"end":{"line":65,"column":1}}}},"branchMap":{"0":{"loc":{"start":{"line":32,"column":6},"end":{"line":32,"column":null}},"type":"cond-expr","locations":[{"start":{"line":32,"column":9},"end":{"line":32,"column":13}},{"start":{"line":32,"column":13},"end":{"line":32,"column":null}}]},"1":{"loc":{"start":{"line":50,"column":7},"end":{"line":55,"column":14}},"type":"cond-expr","locations":[{"start":{"line":51,"column":8},"end":{"line":53,"column":null}},{"start":{"line":55,"column":10},"end":{"line":55,"column":14}}]},"2":{"loc":{"start":{"line":57,"column":7},"end":{"line":62,"column":14}},"type":"cond-expr","locations":[{"start":{"line":58,"column":8},"end":{"line":60,"column":null}},{"start":{"line":62,"column":10},"end":{"line":62,"column":14}}]}},"s":{"0":7,"1":7,"2":7,"3":7,"4":7,"5":6,"6":6,"7":6,"8":6,"9":6,"10":6,"11":6,"12":6,"13":6,"14":6,"15":7},"f":{"0":6},"b":{"0":[0,6],"1":[3,3],"2":[1,5]}}
,"/Users/thijssmudde/Projects/courses/storybook-course/src/Button.tsx": {"path":"/Users/thijssmudde/Projects/courses/storybook-course/src/Button.tsx","statementMap":{"0":{"start":{"line":1,"column":0},"end":{"line":1,"column":56}},"1":{"start":{"line":2,"column":0},"end":{"line":2,"column":36}},"2":{"start":{"line":17,"column":4},"end":{"line":48,"column":2}},"3":{"start":{"line":50,"column":54},"end":{"line":56,"column":2}},"4":{"start":{"line":58,"column":58},"end":{"line":64,"column":2}},"5":{"start":{"line":77,"column":39},"end":{"line":133,"column":1}},"6":{"start":{"line":78,"column":10},"end":{"line":78,"column":null}},"7":{"start":{"line":79,"column":11},"end":{"line":79,"column":null}},"8":{"start":{"line":80,"column":2},"end":{"line":80,"column":9}},"9":{"start":{"line":80,"column":9},"end":{"line":80,"column":null}},"10":{"start":{"line":81,"column":2},"end":{"line":81,"column":6}},"11":{"start":{"line":81,"column":6},"end":{"line":81,"column":null}},"12":{"start":{"line":82,"column":13},"end":{"line":82,"column":null}},"13":{"start":{"line":83,"column":14},"end":{"line":83,"column":null}},"14":{"start":{"line":84,"column":10},"end":{"line":84,"column":null}},"15":{"start":{"line":85,"column":10},"end":{"line":85,"column":null}},"16":{"start":{"line":86,"column":16},"end":{"line":87,"column":null}},"17":{"start":{"line":88,"column":33},"end":{"line":88,"column":62}},"18":{"start":{"line":89,"column":34},"end":{"line":89,"column":61}},"19":{"start":{"line":91,"column":2},"end":{"line":132,"column":4}},"20":{"start":{"line":77,"column":13},"end":{"line":77,"column":39}}},"fnMap":{"0":{"name":"(anonymous_0)","decl":{"start":{"line":77,"column":39},"end":{"line":77,"column":40}},"loc":{"start":{"line":87,"column":1},"end":{"line":133,"column":1}}}},"branchMap":{"0":{"loc":{"start":{"line":80,"column":9},"end":{"line":80,"column":null}},"type":"cond-expr","locations":[{"start":{"line":80,"column":12},"end":{"line":80,"column":21}},{"start":{"line":80,"column":21},"end":{"line":80,"column":null}}]},"1":{"loc":{"start":{"line":81,"column":6},"end":{"line":81,"column":null}},"type":"cond-expr","locations":[{"start":{"line":81,"column":9},"end":{"line":81,"column":13}},{"start":{"line":81,"column":13},"end":{"line":81,"column":null}}]},"2":{"loc":{"start":{"line":106,"column":7},"end":{"line":117,"column":14}},"type":"cond-expr","locations":[{"start":{"line":107,"column":8},"end":{"line":115,"column":null}},{"start":{"line":117,"column":10},"end":{"line":117,"column":14}}]},"3":{"loc":{"start":{"line":119,"column":7},"end":{"line":121,"column":14}},"type":"cond-expr","locations":[{"start":{"line":120,"column":8},"end":{"line":120,"column":77}},{"start":{"line":121,"column":10},"end":{"line":121,"column":14}}]},"4":{"loc":{"start":{"line":120,"column":49},"end":{"line":120,"column":73}},"type":"cond-expr","locations":[{"start":{"line":120,"column":66},"end":{"line":120,"column":68}},{"start":{"line":120,"column":71},"end":{"line":120,"column":73}}]},"5":{"loc":{"start":{"line":122,"column":7},"end":{"line":130,"column":14}},"type":"cond-expr","locations":[{"start":{"line":123,"column":8},"end":{"line":128,"column":null}},{"start":{"line":130,"column":10},"end":{"line":130,"column":14}}]}},"s":{"0":7,"1":7,"2":7,"3":7,"4":7,"5":7,"6":8,"7":8,"8":8,"9":8,"10":8,"11":8,"12":8,"13":8,"14":8,"15":8,"16":8,"17":8,"18":8,"19":8,"20":7},"f":{"0":8},"b":{"0":[0,8],"1":[3,5],"2":[1,7],"3":[4,4],"4":[1,3],"5":[1,7]}}
,"/Users/thijssmudde/Projects/courses/storybook-course/src/ButtonGroup.tsx": {"path":"/Users/thijssmudde/Projects/courses/storybook-course/src/ButtonGroup.tsx","statementMap":{"0":{"start":{"line":1,"column":0},"end":{"line":1,"column":26}},"1":{"start":{"line":2,"column":0},"end":{"line":2,"column":36}},"2":{"start":{"line":16,"column":27},"end":{"line":20,"column":null}},"3":{"start":{"line":17,"column":8},"end":{"line":17,"column":null}},"4":{"start":{"line":18,"column":11},"end":{"line":18,"column":null}},"5":{"start":{"line":19,"column":9},"end":{"line":19,"column":null}},"6":{"start":{"line":20,"column":27},"end":{"line":40,"column":2}},"7":{"start":{"line":22,"column":36},"end":{"line":38,"column":6}},"8":{"start":{"line":34,"column":23},"end":{"line":34,"column":null}},"9":{"start":{"line":16,"column":13},"end":{"line":16,"column":27}}},"fnMap":{"0":{"name":"(anonymous_0)","decl":{"start":{"line":16,"column":27},"end":{"line":16,"column":47}},"loc":{"start":{"line":20,"column":22},"end":{"line":20,"column":null}}},"1":{"name":"(anonymous_1)","decl":{"start":{"line":22,"column":17},"end":{"line":22,"column":18}},"loc":{"start":{"line":22,"column":31},"end":{"line":22,"column":null}}},"2":{"name":"(anonymous_2)","decl":{"start":{"line":34,"column":17},"end":{"line":34,"column":23}},"loc":{"start":{"line":34,"column":17},"end":{"line":34,"column":32}}}},"branchMap":{"0":{"loc":{"start":{"line":29,"column":26},"end":{"line":29,"column":69}},"type":"binary-expr","locations":[{"start":{"line":29,"column":26},"end":{"line":29,"column":37}},{"start":{"line":29,"column":41},"end":{"line":29,"column":69}}]}},"s":{"0":7,"1":7,"2":7,"3":4,"4":4,"5":4,"6":4,"7":11,"8":1,"9":7},"f":{"0":4,"1":11,"2":1},"b":{"0":[11,7]}}
,"/Users/thijssmudde/Projects/courses/storybook-course/src/ColorBox.tsx": {"path":"/Users/thijssmudde/Projects/courses/storybook-course/src/ColorBox.tsx","statementMap":{"0":{"start":{"line":1,"column":0},"end":{"line":1,"column":26}},"1":{"start":{"line":3,"column":0},"end":{"line":3,"column":42}},"2":{"start":{"line":5,"column":24},"end":{"line":5,"column":null}},"3":{"start":{"line":5,"column":32},"end":{"line":5,"column":53}},"4":{"start":{"line":5,"column":58},"end":{"line":24,"column":2}},"5":{"start":{"line":5,"column":13},"end":{"line":5,"column":24}}},"fnMap":{"0":{"name":"(anonymous_0)","decl":{"start":{"line":5,"column":24},"end":{"line":5,"column":25}},"loc":{"start":{"line":5,"column":53},"end":{"line":5,"column":null}}}},"branchMap":{},"s":{"0":7,"1":7,"2":7,"3":4,"4":4,"5":7},"f":{"0":4},"b":{}}
,"/Users/thijssmudde/Projects/courses/storybook-course/src/Paginate.tsx": {"path":"/Users/thijssmudde/Projects/courses/storybook-course/src/Paginate.tsx","statementMap":{"0":{"start":{"line":1,"column":0},"end":{"line":1,"column":34}},"1":{"start":{"line":2,"column":0},"end":{"line":2,"column":59}},"2":{"start":{"line":3,"column":0},"end":{"line":3,"column":55}},"3":{"start":{"line":4,"column":0},"end":{"line":4,"column":36}},"4":{"start":{"line":14,"column":45},"end":{"line":112,"column":1}},"5":{"start":{"line":15,"column":10},"end":{"line":15,"column":null}},"6":{"start":{"line":16,"column":6},"end":{"line":16,"column":null}},"7":{"start":{"line":17,"column":9},"end":{"line":17,"column":null}},"8":{"start":{"line":18,"column":12},"end":{"line":18,"column":null}},"9":{"start":{"line":19,"column":11},"end":{"line":19,"column":null}},"10":{"start":{"line":21,"column":27},"end":{"line":23,"column":3}},"11":{"start":{"line":22,"column":4},"end":{"line":22,"column":18}},"12":{"start":{"line":25,"column":2},"end":{"line":59,"column":null}},"13":{"start":{"line":26,"column":4},"end":{"line":58,"column":6}},"14":{"start":{"line":36,"column":12},"end":{"line":38,"column":null}},"15":{"start":{"line":37,"column":14},"end":{"line":37,"column":41}},"16":{"start":{"line":52,"column":12},"end":{"line":54,"column":null}},"17":{"start":{"line":53,"column":14},"end":{"line":53,"column":41}},"18":{"start":{"line":61,"column":2},"end":{"line":111,"column":4}},"19":{"start":{"line":14,"column":13},"end":{"line":14,"column":45}}},"fnMap":{"0":{"name":"(anonymous_0)","decl":{"start":{"line":14,"column":45},"end":{"line":14,"column":46}},"loc":{"start":{"line":20,"column":1},"end":{"line":112,"column":1}}},"1":{"name":"(anonymous_1)","decl":{"start":{"line":21,"column":27},"end":{"line":21,"column":28}},"loc":{"start":{"line":21,"column":40},"end":{"line":23,"column":3}}},"2":{"name":"(anonymous_2)","decl":{"start":{"line":35,"column":19},"end":{"line":35,"column":null}},"loc":{"start":{"line":35,"column":19},"end":{"line":39,"column":11}}},"3":{"name":"(anonymous_3)","decl":{"start":{"line":51,"column":19},"end":{"line":51,"column":null}},"loc":{"start":{"line":51,"column":19},"end":{"line":55,"column":11}}}},"branchMap":{"0":{"loc":{"start":{"line":25,"column":2},"end":{"line":59,"column":null}},"type":"if","locations":[{"start":{"line":25,"column":2},"end":{"line":59,"column":null}},{"start":{"line":25,"column":2},"end":{"line":59,"column":null}}]},"1":{"loc":{"start":{"line":36,"column":12},"end":{"line":38,"column":null}},"type":"if","locations":[{"start":{"line":36,"column":12},"end":{"line":38,"column":null}},{"start":{"line":36,"column":12},"end":{"line":38,"column":null}}]},"2":{"loc":{"start":{"line":52,"column":12},"end":{"line":54,"column":null}},"type":"if","locations":[{"start":{"line":52,"column":12},"end":{"line":54,"column":null}},{"start":{"line":52,"column":12},"end":{"line":54,"column":null}}]}},"s":{"0":7,"1":7,"2":7,"3":7,"4":7,"5":10,"6":10,"7":10,"8":10,"9":10,"10":10,"11":4,"12":10,"13":6,"14":2,"15":1,"16":2,"17":1,"18":4,"19":7},"f":{"0":10,"1":4,"2":2,"3":2},"b":{"0":[6,4],"1":[1,1],"2":[1,1]}}
,"/Users/thijssmudde/Projects/courses/storybook-course/src/RentalCard.tsx": {"path":"/Users/thijssmudde/Projects/courses/storybook-course/src/RentalCard.tsx","statementMap":{"0":{"start":{"line":1,"column":0},"end":{"line":1,"column":34}},"1":{"start":{"line":2,"column":0},"end":{"line":2,"column":32}},"2":{"start":{"line":3,"column":0},"end":{"line":3,"column":34}},"3":{"start":{"line":4,"column":0},"end":{"line":4,"column":42}},"4":{"start":{"line":6,"column":0},"end":{"line":6,"column":null}},"5":{"start":{"line":14,"column":0},"end":{"line":14,"column":60}},"6":{"start":{"line":20,"column":47},"end":{"line":168,"column":1}},"7":{"start":{"line":20,"column":56},"end":{"line":20,"column":58}},"8":{"start":{"line":21,"column":52},"end":{"line":22,"column":null}},"9":{"start":{"line":21,"column":26},"end":{"line":21,"column":28}},"10":{"start":{"line":21,"column":47},"end":{"line":21,"column":52}},"11":{"start":{"line":25,"column":2},"end":{"line":167,"column":4}},"12":{"start":{"line":83,"column":53},"end":{"line":90,"column":14}},"13":{"start":{"line":91,"column":56},"end":{"line":98,"column":14}},"14":{"start":{"line":20,"column":13},"end":{"line":20,"column":47}}},"fnMap":{"0":{"name":"(anonymous_0)","decl":{"start":{"line":20,"column":47},"end":{"line":20,"column":48}},"loc":{"start":{"line":20,"column":58},"end":{"line":168,"column":1}}},"1":{"name":"(anonymous_1)","decl":{"start":{"line":83,"column":34},"end":{"line":83,"column":35}},"loc":{"start":{"line":83,"column":48},"end":{"line":83,"column":null}}},"2":{"name":"(anonymous_2)","decl":{"start":{"line":91,"column":37},"end":{"line":91,"column":38}},"loc":{"start":{"line":91,"column":51},"end":{"line":91,"column":null}}}},"branchMap":{"0":{"loc":{"start":{"line":33,"column":9},"end":{"line":42,"column":16}},"type":"cond-expr","locations":[{"start":{"line":34,"column":10},"end":{"line":40,"column":null}},{"start":{"line":42,"column":12},"end":{"line":42,"column":16}}]}},"s":{"0":7,"1":7,"2":7,"3":7,"4":7,"5":7,"6":7,"7":2,"8":2,"9":2,"10":2,"11":2,"12":4,"13":6,"14":7},"f":{"0":2,"1":4,"2":6},"b":{"0":[1,1]}}
,"/Users/thijssmudde/Projects/courses/storybook-course/src/Select.tsx": {"path":"/Users/thijssmudde/Projects/courses/storybook-course/src/Select.tsx","statementMap":{"0":{"start":{"line":1,"column":0},"end":{"line":1,"column":34}},"1":{"start":{"line":2,"column":0},"end":{"line":2,"column":44}},"2":{"start":{"line":3,"column":0},"end":{"line":3,"column":56}},"3":{"start":{"line":4,"column":0},"end":{"line":4,"column":36}},"4":{"start":{"line":16,"column":39},"end":{"line":95,"column":1}},"5":{"start":{"line":17,"column":9},"end":{"line":17,"column":null}},"6":{"start":{"line":18,"column":16},"end":{"line":18,"column":null}},"7":{"start":{"line":19,"column":19},"end":{"line":19,"column":null}},"8":{"start":{"line":20,"column":13},"end":{"line":20,"column":null}},"9":{"start":{"line":21,"column":13},"end":{"line":21,"column":null}},"10":{"start":{"line":22,"column":7},"end":{"line":22,"column":null}},"11":{"start":{"line":24,"column":2},"end":{"line":94,"column":4}},"12":{"start":{"line":30,"column":16},"end":{"line":30,"column":18}},"13":{"start":{"line":30,"column":23},"end":{"line":91,"column":null}},"14":{"start":{"line":63,"column":46},"end":{"line":88,"column":16}},"15":{"start":{"line":69,"column":28},"end":{"line":69,"column":30}},"16":{"start":{"line":69,"column":38},"end":{"line":69,"column":40}},"17":{"start":{"line":69,"column":45},"end":{"line":86,"column":null}},"18":{"start":{"line":16,"column":13},"end":{"line":16,"column":39}}},"fnMap":{"0":{"name":"(anonymous_0)","decl":{"start":{"line":16,"column":39},"end":{"line":16,"column":40}},"loc":{"start":{"line":23,"column":1},"end":{"line":95,"column":1}}},"1":{"name":"(anonymous_1)","decl":{"start":{"line":30,"column":9},"end":{"line":30,"column":10}},"loc":{"start":{"line":30,"column":18},"end":{"line":30,"column":null}}},"2":{"name":"(anonymous_2)","decl":{"start":{"line":63,"column":27},"end":{"line":63,"column":28}},"loc":{"start":{"line":63,"column":41},"end":{"line":63,"column":null}}},"3":{"name":"(anonymous_3)","decl":{"start":{"line":69,"column":19},"end":{"line":69,"column":20}},"loc":{"start":{"line":69,"column":40},"end":{"line":69,"column":null}}}},"branchMap":{"0":{"loc":{"start":{"line":27,"column":15},"end":{"line":27,"column":53}},"type":"binary-expr","locations":[{"start":{"line":27,"column":15},"end":{"line":27,"column":29}},{"start":{"line":27,"column":33},"end":{"line":27,"column":53}}]},"1":{"loc":{"start":{"line":43,"column":15},"end":{"line":47,"column":22}},"type":"cond-expr","locations":[{"start":{"line":44,"column":16},"end":{"line":45,"column":null}},{"start":{"line":47,"column":18},"end":{"line":47,"column":22}}]},"2":{"loc":{"start":{"line":49,"column":15},"end":{"line":49,"column":66}},"type":"cond-expr","locations":[{"start":{"line":49,"column":32},"end":{"line":49,"column":52}},{"start":{"line":49,"column":55},"end":{"line":49,"column":66}}]},"3":{"loc":{"start":{"line":82,"column":23},"end":{"line":84,"column":30}},"type":"cond-expr","locations":[{"start":{"line":83,"column":24},"end":{"line":83,"column":85}},{"start":{"line":84,"column":26},"end":{"line":84,"column":30}}]}},"s":{"0":7,"1":7,"2":7,"3":7,"4":7,"5":0,"6":0,"7":0,"8":0,"9":0,"10":0,"11":0,"12":0,"13":0,"14":0,"15":0,"16":0,"17":0,"18":7},"f":{"0":0,"1":0,"2":0,"3":0},"b":{"0":[0,0],"1":[0,0],"2":[0,0],"3":[0,0]}}
,"/Users/thijssmudde/Projects/courses/storybook-course/src/TextInput.tsx": {"path":"/Users/thijssmudde/Projects/courses/storybook-course/src/TextInput.tsx","statementMap":{"0":{"start":{"line":1,"column":0},"end":{"line":1,"column":34}},"1":{"start":{"line":2,"column":0},"end":{"line":2,"column":36}},"2":{"start":{"line":3,"column":0},"end":{"line":3,"column":42}},"3":{"start":{"line":19,"column":45},"end":{"line":112,"column":1}},"4":{"start":{"line":20,"column":6},"end":{"line":20,"column":null}},"5":{"start":{"line":21,"column":7},"end":{"line":21,"column":null}},"6":{"start":{"line":22,"column":14},"end":{"line":22,"column":null}},"7":{"start":{"line":23,"column":7},"end":{"line":23,"column":null}},"8":{"start":{"line":24,"column":13},"end":{"line":24,"column":null}},"9":{"start":{"line":25,"column":13},"end":{"line":25,"column":null}},"10":{"start":{"line":26,"column":7},"end":{"line":26,"column":null}},"11":{"start":{"line":27,"column":12},"end":{"line":27,"column":null}},"12":{"start":{"line":28,"column":13},"end":{"line":28,"column":null}},"13":{"start":{"line":29,"column":14},"end":{"line":29,"column":null}},"14":{"start":{"line":30,"column":10},"end":{"line":30,"column":null}},"15":{"start":{"line":32,"column":2},"end":{"line":111,"column":4}},"16":{"start":{"line":19,"column":13},"end":{"line":19,"column":45}}},"fnMap":{"0":{"name":"(anonymous_0)","decl":{"start":{"line":19,"column":45},"end":{"line":19,"column":46}},"loc":{"start":{"line":31,"column":1},"end":{"line":112,"column":1}}}},"branchMap":{"0":{"loc":{"start":{"line":34,"column":7},"end":{"line":43,"column":14}},"type":"cond-expr","locations":[{"start":{"line":35,"column":8},"end":{"line":41,"column":null}},{"start":{"line":43,"column":10},"end":{"line":43,"column":14}}]},"1":{"loc":{"start":{"line":50,"column":11},"end":{"line":53,"column":null}},"type":"cond-expr","locations":[{"start":{"line":51,"column":12},"end":{"line":51,"column":58}},{"start":{"line":53,"column":12},"end":{"line":53,"column":19}}]},"2":{"loc":{"start":{"line":55,"column":11},"end":{"line":62,"column":18}},"type":"cond-expr","locations":[{"start":{"line":56,"column":12},"end":{"line":60,"column":null}},{"start":{"line":62,"column":14},"end":{"line":62,"column":18}}]},"3":{"loc":{"start":{"line":65,"column":9},"end":{"line":77,"column":16}},"type":"cond-expr","locations":[{"start":{"line":66,"column":10},"end":{"line":75,"column":null}},{"start":{"line":77,"column":12},"end":{"line":77,"column":16}}]},"4":{"loc":{"start":{"line":103,"column":7},"end":{"line":105,"column":14}},"type":"cond-expr","locations":[{"start":{"line":104,"column":8},"end":{"line":104,"column":68}},{"start":{"line":105,"column":10},"end":{"line":105,"column":14}}]},"5":{"loc":{"start":{"line":107,"column":7},"end":{"line":109,"column":14}},"type":"cond-expr","locations":[{"start":{"line":108,"column":8},"end":{"line":108,"column":72}},{"start":{"line":109,"column":10},"end":{"line":109,"column":14}}]}},"s":{"0":7,"1":7,"2":7,"3":7,"4":0,"5":0,"6":0,"7":0,"8":0,"9":0,"10":0,"11":0,"12":0,"13":0,"14":0,"15":0,"16":7},"f":{"0":0},"b":{"0":[0,0],"1":[0,0],"2":[0,0],"3":[0,0],"4":[0,0],"5":[0,0]}}
,"/Users/thijssmudde/Projects/courses/storybook-course/src/Typography.tsx": {"path":"/Users/thijssmudde/Projects/courses/storybook-course/src/Typography.tsx","statementMap":{"0":{"start":{"line":1,"column":0},"end":{"line":1,"column":34}},"1":{"start":{"line":2,"column":0},"end":{"line":2,"column":36}},"2":{"start":{"line":35,"column":68},"end":{"line":47,"column":2}},"3":{"start":{"line":52,"column":4},"end":{"line":57,"column":2}},"4":{"start":{"line":59,"column":47},"end":{"line":90,"column":1}},"5":{"start":{"line":60,"column":2},"end":{"line":60,"column":9}},"6":{"start":{"line":60,"column":9},"end":{"line":60,"column":null}},"7":{"start":{"line":61,"column":13},"end":{"line":61,"column":null}},"8":{"start":{"line":62,"column":2},"end":{"line":62,"column":14}},"9":{"start":{"line":62,"column":14},"end":{"line":62,"column":null}},"10":{"start":{"line":63,"column":11},"end":{"line":63,"column":null}},"11":{"start":{"line":64,"column":10},"end":{"line":64,"column":null}},"12":{"start":{"line":66,"column":37},"end":{"line":66,"column":70}},"13":{"start":{"line":67,"column":36},"end":{"line":67,"column":73}},"14":{"start":{"line":71,"column":20},"end":{"line":71,"column":43}},"15":{"start":{"line":72,"column":21},"end":{"line":72,"column":46}},"16":{"start":{"line":74,"column":2},"end":{"line":89,"column":4}},"17":{"start":{"line":59,"column":13},"end":{"line":59,"column":47}}},"fnMap":{"0":{"name":"(anonymous_0)","decl":{"start":{"line":59,"column":47},"end":{"line":59,"column":48}},"loc":{"start":{"line":65,"column":1},"end":{"line":90,"column":1}}}},"branchMap":{"0":{"loc":{"start":{"line":60,"column":9},"end":{"line":60,"column":null}},"type":"cond-expr","locations":[{"start":{"line":60,"column":12},"end":{"line":60,"column":16}},{"start":{"line":60,"column":16},"end":{"line":60,"column":null}}]},"1":{"loc":{"start":{"line":62,"column":14},"end":{"line":62,"column":null}},"type":"cond-expr","locations":[{"start":{"line":62,"column":17},"end":{"line":62,"column":26}},{"start":{"line":62,"column":26},"end":{"line":62,"column":null}}]},"2":{"loc":{"start":{"line":72,"column":21},"end":{"line":72,"column":46}},"type":"cond-expr","locations":[{"start":{"line":72,"column":33},"end":{"line":72,"column":40}},{"start":{"line":72,"column":43},"end":{"line":72,"column":46}}]}},"s":{"0":7,"1":7,"2":7,"3":7,"4":7,"5":36,"6":36,"7":36,"8":36,"9":36,"10":36,"11":36,"12":36,"13":36,"14":36,"15":36,"16":36,"17":7},"f":{"0":36},"b":{"0":[0,36],"1":[15,21],"2":[5,31]}}
,"/Users/thijssmudde/Projects/courses/storybook-course/src/index.tsx": {"path":"/Users/thijssmudde/Projects/courses/storybook-course/src/index.tsx","statementMap":{"0":{"start":{"line":1,"column":0},"end":{"line":1,"column":24}},"1":{"start":{"line":2,"column":0},"end":{"line":2,"column":25}},"2":{"start":{"line":3,"column":0},"end":{"line":3,"column":30}},"3":{"start":{"line":4,"column":0},"end":{"line":4,"column":27}},"4":{"start":{"line":5,"column":0},"end":{"line":5,"column":27}},"5":{"start":{"line":6,"column":0},"end":{"line":6,"column":29}},"6":{"start":{"line":7,"column":0},"end":{"line":7,"column":25}},"7":{"start":{"line":8,"column":0},"end":{"line":8,"column":28}},"8":{"start":{"line":9,"column":0},"end":{"line":9,"column":29}},"9":{"start":{"line":11,"column":0},"end":{"line":11,"column":30}},"10":{"start":{"line":12,"column":0},"end":{"line":12,"column":35}},"11":{"start":{"line":14,"column":0},"end":{"line":14,"column":30}},"12":{"start":{"line":15,"column":0},"end":{"line":15,"column":23}},"13":{"start":{"line":16,"column":0},"end":{"line":16,"column":30}}},"fnMap":{},"branchMap":{},"s":{"0":7,"1":7,"2":7,"3":7,"4":7,"5":7,"6":7,"7":7,"8":7,"9":7,"10":7,"11":7,"12":7,"13":7},"f":{},"b":{}}
,"/Users/thijssmudde/Projects/courses/storybook-course/src/@interfaces/index.tsx": {"path":"/Users/thijssmudde/Projects/courses/storybook-course/src/@interfaces/index.tsx","statementMap":{"0":{"start":{"line":1,"column":0},"end":{"line":1,"column":26}},"1":{"start":{"line":2,"column":0},"end":{"line":2,"column":28}},"2":{"start":{"line":3,"column":0},"end":{"line":3,"column":27}},"3":{"start":{"line":4,"column":0},"end":{"line":4,"column":27}}},"fnMap":{},"branchMap":{},"s":{"0":7,"1":7,"2":7,"3":7},"f":{},"b":{}}
,"/Users/thijssmudde/Projects/courses/storybook-course/src/data/colors.tsx": {"path":"/Users/thijssmudde/Projects/courses/storybook-course/src/data/colors.tsx","statementMap":{"0":{"start":{"line":3,"column":13},"end":{"line":279,"column":2}}},"fnMap":{},"branchMap":{},"s":{"0":7},"f":{},"b":{}}
,"/Users/thijssmudde/Projects/courses/storybook-course/src/data/countries.tsx": {"path":"/Users/thijssmudde/Projects/courses/storybook-course/src/data/countries.tsx","statementMap":{"0":{"start":{"line":1,"column":0},"end":{"line":1,"column":26}},"1":{"start":{"line":3,"column":0},"end":{"line":3,"column":46}},"2":{"start":{"line":10,"column":34},"end":{"line":39,"column":2}},"3":{"start":{"line":41,"column":13},"end":{"line":53,"column":4}},"4":{"start":{"line":41,"column":67},"end":{"line":53,"column":3}}},"fnMap":{"0":{"name":"(anonymous_0)","decl":{"start":{"line":41,"column":54},"end":{"line":41,"column":55}},"loc":{"start":{"line":41,"column":62},"end":{"line":41,"column":68}}}},"branchMap":{},"s":{"0":7,"1":7,"2":7,"3":7,"4":49},"f":{"0":49},"b":{}}
,"/Users/thijssmudde/Projects/courses/storybook-course/src/data/dates.tsx": {"path":"/Users/thijssmudde/Projects/courses/storybook-course/src/data/dates.tsx","statementMap":{"0":{"start":{"line":3,"column":13},"end":{"line":32,"column":2}}},"fnMap":{},"branchMap":{},"s":{"0":7},"f":{},"b":{}}
,"/Users/thijssmudde/Projects/courses/storybook-course/src/data/figma.tsx": {"path":"/Users/thijssmudde/Projects/courses/storybook-course/src/data/figma.tsx","statementMap":{"0":{"start":{"line":14,"column":13},"end":{"line":36,"column":2}}},"fnMap":{},"branchMap":{},"s":{"0":7},"f":{},"b":{}}
,"/Users/thijssmudde/Projects/courses/storybook-course/src/data/index.tsx": {"path":"/Users/thijssmudde/Projects/courses/storybook-course/src/data/index.tsx","statementMap":{"0":{"start":{"line":1,"column":0},"end":{"line":1,"column":25}},"1":{"start":{"line":2,"column":0},"end":{"line":2,"column":28}},"2":{"start":{"line":3,"column":0},"end":{"line":3,"column":24}},"3":{"start":{"line":4,"column":0},"end":{"line":4,"column":25}},"4":{"start":{"line":5,"column":0},"end":{"line":5,"column":26}},"5":{"start":{"line":6,"column":0},"end":{"line":6,"column":27}},"6":{"start":{"line":7,"column":0},"end":{"line":7,"column":26}},"7":{"start":{"line":8,"column":0},"end":{"line":8,"column":24}}},"fnMap":{},"branchMap":{},"s":{"0":7,"1":7,"2":7,"3":7,"4":7,"5":7,"6":7,"7":7},"f":{},"b":{}}
,"/Users/thijssmudde/Projects/courses/storybook-course/src/data/navItems.tsx": {"path":"/Users/thijssmudde/Projects/courses/storybook-course/src/data/navItems.tsx","statementMap":{"0":{"start":{"line":1,"column":0},"end":{"line":1,"column":26}},"1":{"start":{"line":3,"column":0},"end":{"line":3,"column":null}},"2":{"start":{"line":14,"column":13},"end":{"line":85,"column":2}},"3":{"start":{"line":87,"column":13},"end":{"line":100,"column":2}}},"fnMap":{},"branchMap":{},"s":{"0":7,"1":7,"2":7,"3":7},"f":{},"b":{}}
,"/Users/thijssmudde/Projects/courses/storybook-course/src/data/options.tsx": {"path":"/Users/thijssmudde/Projects/courses/storybook-course/src/data/options.tsx","statementMap":{"0":{"start":{"line":1,"column":0},"end":{"line":1,"column":26}},"1":{"start":{"line":2,"column":0},"end":{"line":2,"column":42}},"2":{"start":{"line":4,"column":13},"end":{"line":8,"column":2}},"3":{"start":{"line":10,"column":13},"end":{"line":35,"column":2}}},"fnMap":{},"branchMap":{},"s":{"0":7,"1":7,"2":7,"3":7},"f":{},"b":{}}
,"/Users/thijssmudde/Projects/courses/storybook-course/src/data/prices.tsx": {"path":"/Users/thijssmudde/Projects/courses/storybook-course/src/data/prices.tsx","statementMap":{"0":{"start":{"line":3,"column":13},"end":{"line":36,"column":2}}},"fnMap":{},"branchMap":{},"s":{"0":7},"f":{},"b":{}}
,"/Users/thijssmudde/Projects/courses/storybook-course/src/data/rentals.tsx": {"path":"/Users/thijssmudde/Projects/courses/storybook-course/src/data/rentals.tsx","statementMap":{"0":{"start":{"line":2,"column":0},"end":{"line":2,"column":34}},"1":{"start":{"line":4,"column":25},"end":{"line":18,"column":2}},"2":{"start":{"line":20,"column":25},"end":{"line":34,"column":2}},"3":{"start":{"line":36,"column":25},"end":{"line":50,"column":2}},"4":{"start":{"line":52,"column":13},"end":{"line":52,"column":62}}},"fnMap":{},"branchMap":{},"s":{"0":7,"1":7,"2":7,"3":7,"4":7},"f":{},"b":{}}
,"/Users/thijssmudde/Projects/courses/storybook-course/src/data/images/index.tsx": {"path":"/Users/thijssmudde/Projects/courses/storybook-course/src/data/images/index.tsx","statementMap":{"0":{"start":{"line":25,"column":42},"end":{"line":44,"column":2}},"1":{"start":{"line":46,"column":13},"end":{"line":46,"column":33}}},"fnMap":{},"branchMap":{},"s":{"0":7,"1":7},"f":{},"b":{}}
,"/Users/thijssmudde/Projects/courses/storybook-course/src/helpers/useRentalRating.tsx": {"path":"/Users/thijssmudde/Projects/courses/storybook-course/src/helpers/useRentalRating.tsx","statementMap":{"0":{"start":{"line":6,"column":31},"end":{"line":19,"column":1}},"1":{"start":{"line":7,"column":22},"end":{"line":7,"column":39}},"2":{"start":{"line":8,"column":25},"end":{"line":8,"column":40}},"3":{"start":{"line":10,"column":27},"end":{"line":12,"column":25}},"4":{"start":{"line":12,"column":19},"end":{"line":12,"column":25}},"5":{"start":{"line":14,"column":30},"end":{"line":16,"column":25}},"6":{"start":{"line":16,"column":19},"end":{"line":16,"column":25}},"7":{"start":{"line":18,"column":2},"end":{"line":18,"column":51}},"8":{"start":{"line":6,"column":13},"end":{"line":6,"column":31}}},"fnMap":{"0":{"name":"(anonymous_0)","decl":{"start":{"line":6,"column":31},"end":{"line":6,"column":32}},"loc":{"start":{"line":6,"column":46},"end":{"line":19,"column":1}}},"1":{"name":"(anonymous_1)","decl":{"start":{"line":12,"column":9},"end":{"line":12,"column":10}},"loc":{"start":{"line":12,"column":14},"end":{"line":12,"column":20}}},"2":{"name":"(anonymous_2)","decl":{"start":{"line":16,"column":9},"end":{"line":16,"column":10}},"loc":{"start":{"line":16,"column":14},"end":{"line":16,"column":20}}}},"branchMap":{},"s":{"0":8,"1":6,"2":6,"3":6,"4":18,"5":6,"6":12,"7":6,"8":8},"f":{"0":6,"1":18,"2":12},"b":{}}
,"/Users/thijssmudde/Projects/courses/storybook-course/src/nav/MobileNavbar.tsx": {"path":"/Users/thijssmudde/Projects/courses/storybook-course/src/nav/MobileNavbar.tsx","statementMap":{"0":{"start":{"line":1,"column":0},"end":{"line":1,"column":36}},"1":{"start":{"line":2,"column":0},"end":{"line":2,"column":34}},"2":{"start":{"line":3,"column":0},"end":{"line":3,"column":43}},"3":{"start":{"line":4,"column":0},"end":{"line":4,"column":39}},"4":{"start":{"line":11,"column":51},"end":{"line":11,"column":null}},"5":{"start":{"line":11,"column":58},"end":{"line":11,"column":60}},"6":{"start":{"line":11,"column":70},"end":{"line":11,"column":72}},"7":{"start":{"line":11,"column":77},"end":{"line":38,"column":2}},"8":{"start":{"line":11,"column":13},"end":{"line":11,"column":51}}},"fnMap":{"0":{"name":"(anonymous_0)","decl":{"start":{"line":11,"column":51},"end":{"line":11,"column":52}},"loc":{"start":{"line":11,"column":72},"end":{"line":11,"column":null}}}},"branchMap":{},"s":{"0":7,"1":7,"2":7,"3":7,"4":7,"5":0,"6":0,"7":0,"8":7},"f":{"0":0},"b":{}}
,"/Users/thijssmudde/Projects/courses/storybook-course/src/nav/NavItem.tsx": {"path":"/Users/thijssmudde/Projects/courses/storybook-course/src/nav/NavItem.tsx","statementMap":{"0":{"start":{"line":1,"column":0},"end":{"line":1,"column":36}},"1":{"start":{"line":2,"column":0},"end":{"line":2,"column":26}},"2":{"start":{"line":4,"column":0},"end":{"line":4,"column":47}},"3":{"start":{"line":5,"column":0},"end":{"line":5,"column":43}},"4":{"start":{"line":7,"column":0},"end":{"line":7,"column":42}},"5":{"start":{"line":9,"column":0},"end":{"line":9,"column":44}},"6":{"start":{"line":20,"column":23},"end":{"line":27,"column":null}},"7":{"start":{"line":21,"column":6},"end":{"line":21,"column":null}},"8":{"start":{"line":22,"column":10},"end":{"line":22,"column":null}},"9":{"start":{"line":23,"column":18},"end":{"line":23,"column":null}},"10":{"start":{"line":24,"column":6},"end":{"line":24,"column":null}},"11":{"start":{"line":25,"column":14},"end":{"line":25,"column":null}},"12":{"start":{"line":26,"column":9},"end":{"line":26,"column":null}},"13":{"start":{"line":27,"column":21},"end":{"line":112,"column":2}},"14":{"start":{"line":36,"column":23},"end":{"line":36,"column":null}},"15":{"start":{"line":87,"column":40},"end":{"line":94,"column":10}},"16":{"start":{"line":92,"column":27},"end":{"line":92,"column":null}},"17":{"start":{"line":100,"column":40},"end":{"line":108,"column":10}},"18":{"start":{"line":106,"column":27},"end":{"line":106,"column":null}},"19":{"start":{"line":20,"column":13},"end":{"line":20,"column":23}}},"fnMap":{"0":{"name":"(anonymous_0)","decl":{"start":{"line":20,"column":23},"end":{"line":20,"column":24}},"loc":{"start":{"line":27,"column":16},"end":{"line":27,"column":null}}},"1":{"name":"(anonymous_1)","decl":{"start":{"line":36,"column":17},"end":{"line":36,"column":23}},"loc":{"start":{"line":36,"column":17},"end":{"line":36,"column":30}}},"2":{"name":"(anonymous_2)","decl":{"start":{"line":87,"column":27},"end":{"line":87,"column":28}},"loc":{"start":{"line":87,"column":35},"end":{"line":87,"column":null}}},"3":{"name":"(anonymous_3)","decl":{"start":{"line":92,"column":21},"end":{"line":92,"column":27}},"loc":{"start":{"line":92,"column":21},"end":{"line":92,"column":34}}},"4":{"name":"(anonymous_4)","decl":{"start":{"line":100,"column":27},"end":{"line":100,"column":28}},"loc":{"start":{"line":100,"column":35},"end":{"line":100,"column":null}}},"5":{"name":"(anonymous_5)","decl":{"start":{"line":106,"column":21},"end":{"line":106,"column":27}},"loc":{"start":{"line":106,"column":21},"end":{"line":106,"column":34}}}},"branchMap":{"0":{"loc":{"start":{"line":43,"column":29},"end":{"line":43,"column":56}},"type":"binary-expr","locations":[{"start":{"line":43,"column":29},"end":{"line":43,"column":47}},{"start":{"line":43,"column":51},"end":{"line":43,"column":56}}]},"1":{"loc":{"start":{"line":67,"column":11},"end":{"line":80,"column":18}},"type":"cond-expr","locations":[{"start":{"line":68,"column":12},"end":{"line":78,"column":null}},{"start":{"line":80,"column":14},"end":{"line":80,"column":18}}]},"2":{"loc":{"start":{"line":67,"column":11},"end":{"line":67,"column":52}},"type":"binary-expr","locations":[{"start":{"line":67,"column":11},"end":{"line":67,"column":24}},{"start":{"line":67,"column":28},"end":{"line":67,"column":52}}]},"3":{"loc":{"start":{"line":85,"column":5},"end":{"line":96,"column":12}},"type":"cond-expr","locations":[{"start":{"line":86,"column":6},"end":{"line":94,"column":null}},{"start":{"line":96,"column":8},"end":{"line":96,"column":12}}]},"4":{"loc":{"start":{"line":85,"column":5},"end":{"line":85,"column":70}},"type":"binary-expr","locations":[{"start":{"line":85,"column":5},"end":{"line":85,"column":17}},{"start":{"line":85,"column":21},"end":{"line":85,"column":25}},{"start":{"line":85,"column":29},"end":{"line":85,"column":42}},{"start":{"line":85,"column":46},"end":{"line":85,"column":70}}]},"5":{"loc":{"start":{"line":98,"column":5},"end":{"line":110,"column":12}},"type":"cond-expr","locations":[{"start":{"line":99,"column":6},"end":{"line":108,"column":null}},{"start":{"line":110,"column":8},"end":{"line":110,"column":12}}]},"6":{"loc":{"start":{"line":98,"column":5},"end":{"line":98,"column":55}},"type":"binary-expr","locations":[{"start":{"line":98,"column":5},"end":{"line":98,"column":10}},{"start":{"line":98,"column":14},"end":{"line":98,"column":27}},{"start":{"line":98,"column":31},"end":{"line":98,"column":55}}]}},"s":{"0":7,"1":7,"2":7,"3":7,"4":7,"5":7,"6":7,"7":0,"8":0,"9":0,"10":0,"11":0,"12":0,"13":0,"14":0,"15":0,"16":0,"17":0,"18":0,"19":7},"f":{"0":0,"1":0,"2":0,"3":0,"4":0,"5":0},"b":{"0":[0,0],"1":[0,0],"2":[0,0],"3":[0,0],"4":[0,0,0,0],"5":[0,0],"6":[0,0,0]}}
,"/Users/thijssmudde/Projects/courses/storybook-course/src/nav/SideNav.tsx": {"path":"/Users/thijssmudde/Projects/courses/storybook-course/src/nav/SideNav.tsx","statementMap":{"0":{"start":{"line":1,"column":0},"end":{"line":1,"column":34}},"1":{"start":{"line":2,"column":0},"end":{"line":2,"column":36}},"2":{"start":{"line":3,"column":0},"end":{"line":3,"column":52}},"3":{"start":{"line":4,"column":0},"end":{"line":4,"column":43}},"4":{"start":{"line":5,"column":0},"end":{"line":5,"column":41}},"5":{"start":{"line":6,"column":0},"end":{"line":6,"column":40}},"6":{"start":{"line":7,"column":0},"end":{"line":7,"column":36}},"7":{"start":{"line":10,"column":26},"end":{"line":10,"column":null}},"8":{"start":{"line":10,"column":32},"end":{"line":12,"column":2}},"9":{"start":{"line":10,"column":13},"end":{"line":10,"column":26}},"10":{"start":{"line":24,"column":42},"end":{"line":175,"column":1}},"11":{"start":{"line":25,"column":11},"end":{"line":25,"column":null}},"12":{"start":{"line":26,"column":13},"end":{"line":26,"column":null}},"13":{"start":{"line":27,"column":16},"end":{"line":27,"column":null}},"14":{"start":{"line":28,"column":6},"end":{"line":28,"column":null}},"15":{"start":{"line":29,"column":9},"end":{"line":29,"column":null}},"16":{"start":{"line":30,"column":10},"end":{"line":30,"column":null}},"17":{"start":{"line":31,"column":7},"end":{"line":31,"column":null}},"18":{"start":{"line":33,"column":42},"end":{"line":33,"column":68}},"19":{"start":{"line":33,"column":21},"end":{"line":33,"column":23}},"20":{"start":{"line":33,"column":38},"end":{"line":33,"column":42}},"21":{"start":{"line":34,"column":44},"end":{"line":34,"column":70}},"22":{"start":{"line":34,"column":22},"end":{"line":34,"column":24}},"23":{"start":{"line":34,"column":40},"end":{"line":34,"column":44}},"24":{"start":{"line":35,"column":50},"end":{"line":35,"column":76}},"25":{"start":{"line":35,"column":25},"end":{"line":35,"column":27}},"26":{"start":{"line":35,"column":46},"end":{"line":35,"column":50}},"27":{"start":{"line":36,"column":44},"end":{"line":36,"column":72}},"28":{"start":{"line":36,"column":22},"end":{"line":36,"column":24}},"29":{"start":{"line":36,"column":40},"end":{"line":36,"column":44}},"30":{"start":{"line":38,"column":23},"end":{"line":40,"column":3}},"31":{"start":{"line":39,"column":4},"end":{"line":39,"column":36}},"32":{"start":{"line":42,"column":25},"end":{"line":59,"column":3}},"33":{"start":{"line":43,"column":4},"end":{"line":45,"column":null}},"34":{"start":{"line":44,"column":6},"end":{"line":44,"column":38}},"35":{"start":{"line":46,"column":4},"end":{"line":50,"column":null}},"36":{"start":{"line":47,"column":6},"end":{"line":47,"column":35}},"37":{"start":{"line":48,"column":11},"end":{"line":50,"column":null}},"38":{"start":{"line":49,"column":6},"end":{"line":49,"column":21}},"39":{"start":{"line":52,"column":4},"end":{"line":58,"column":null}},"40":{"start":{"line":53,"column":6},"end":{"line":55,"column":8}},"41":{"start":{"line":54,"column":47},"end":{"line":54,"column":75}},"42":{"start":{"line":56,"column":11},"end":{"line":58,"column":null}},"43":{"start":{"line":57,"column":6},"end":{"line":57,"column":55}},"44":{"start":{"line":61,"column":2},"end":{"line":174,"column":4}},"45":{"start":{"line":110,"column":37},"end":{"line":120,"column":12}},"46":{"start":{"line":123,"column":40},"end":{"line":133,"column":12}},"47":{"start":{"line":24,"column":13},"end":{"line":24,"column":42}}},"fnMap":{"0":{"name":"(anonymous_0)","decl":{"start":{"line":10,"column":26},"end":{"line":10,"column":32}},"loc":{"start":{"line":10,"column":26},"end":{"line":10,"column":null}}},"1":{"name":"(anonymous_1)","decl":{"start":{"line":24,"column":42},"end":{"line":24,"column":43}},"loc":{"start":{"line":32,"column":1},"end":{"line":175,"column":1}}},"2":{"name":"(anonymous_2)","decl":{"start":{"line":38,"column":23},"end":{"line":38,"column":24}},"loc":{"start":{"line":38,"column":62},"end":{"line":40,"column":3}}},"3":{"name":"(anonymous_3)","decl":{"start":{"line":42,"column":25},"end":{"line":42,"column":26}},"loc":{"start":{"line":42,"column":61},"end":{"line":59,"column":3}}},"4":{"name":"(anonymous_4)","decl":{"start":{"line":54,"column":29},"end":{"line":54,"column":30}},"loc":{"start":{"line":54,"column":42},"end":{"line":54,"column":59}}},"5":{"name":"(anonymous_5)","decl":{"start":{"line":110,"column":27},"end":{"line":110,"column":28}},"loc":{"start":{"line":110,"column":32},"end":{"line":110,"column":null}}},"6":{"name":"(anonymous_6)","decl":{"start":{"line":123,"column":30},"end":{"line":123,"column":31}},"loc":{"start":{"line":123,"column":35},"end":{"line":123,"column":null}}}},"branchMap":{"0":{"loc":{"start":{"line":43,"column":4},"end":{"line":45,"column":null}},"type":"if","locations":[{"start":{"line":43,"column":4},"end":{"line":45,"column":null}},{"start":{"line":43,"column":4},"end":{"line":45,"column":null}}]},"1":{"loc":{"start":{"line":46,"column":4},"end":{"line":50,"column":null}},"type":"if","locations":[{"start":{"line":46,"column":4},"end":{"line":50,"column":null}},{"start":{"line":46,"column":4},"end":{"line":50,"column":null}}]},"2":{"loc":{"start":{"line":48,"column":11},"end":{"line":50,"column":null}},"type":"if","locations":[{"start":{"line":48,"column":11},"end":{"line":50,"column":null}},{"start":{"line":48,"column":11},"end":{"line":50,"column":null}}]},"3":{"loc":{"start":{"line":52,"column":4},"end":{"line":58,"column":null}},"type":"if","locations":[{"start":{"line":52,"column":4},"end":{"line":58,"column":null}},{"start":{"line":52,"column":4},"end":{"line":58,"column":null}}]},"4":{"loc":{"start":{"line":52,"column":8},"end":{"line":52,"column":74}},"type":"binary-expr","locations":[{"start":{"line":52,"column":8},"end":{"line":52,"column":21}},{"start":{"line":52,"column":25},"end":{"line":52,"column":59}},{"start":{"line":52,"column":63},"end":{"line":52,"column":74}}]},"5":{"loc":{"start":{"line":56,"column":11},"end":{"line":58,"column":null}},"type":"if","locations":[{"start":{"line":56,"column":11},"end":{"line":58,"column":null}},{"start":{"line":56,"column":11},"end":{"line":58,"column":null}}]},"6":{"loc":{"start":{"line":56,"column":15},"end":{"line":56,"column":67}},"type":"binary-expr","locations":[{"start":{"line":56,"column":15},"end":{"line":56,"column":28}},{"start":{"line":56,"column":32},"end":{"line":56,"column":67}}]},"7":{"loc":{"start":{"line":88,"column":9},"end":{"line":97,"column":null}},"type":"cond-expr","locations":[{"start":{"line":89,"column":10},"end":{"line":94,"column":null}},{"start":{"line":97,"column":10},"end":{"line":97,"column":34}}]},"8":{"loc":{"start":{"line":153,"column":9},"end":{"line":171,"column":16}},"type":"cond-expr","locations":[{"start":{"line":154,"column":10},"end":{"line":169,"column":null}},{"start":{"line":171,"column":12},"end":{"line":171,"column":16}}]}},"s":{"0":7,"1":7,"2":7,"3":7,"4":7,"5":7,"6":7,"7":7,"8":0,"9":7,"10":7,"11":0,"12":0,"13":0,"14":0,"15":0,"16":0,"17":0,"18":0,"19":0,"20":0,"21":0,"22":0,"23":0,"24":0,"25":0,"26":0,"27":0,"28":0,"29":0,"30":0,"31":0,"32":0,"33":0,"34":0,"35":0,"36":0,"37":0,"38":0,"39":0,"40":0,"41":0,"42":0,"43":0,"44":0,"45":0,"46":0,"47":7},"f":{"0":0,"1":0,"2":0,"3":0,"4":0,"5":0,"6":0},"b":{"0":[0,0],"1":[0,0],"2":[0,0],"3":[0,0],"4":[0,0,0],"5":[0,0],"6":[0,0],"7":[0,0],"8":[0,0]}}
,"/Users/thijssmudde/Projects/courses/storybook-course/src/nav/SubNavItem.tsx": {"path":"/Users/thijssmudde/Projects/courses/storybook-course/src/nav/SubNavItem.tsx","statementMap":{"0":{"start":{"line":1,"column":0},"end":{"line":1,"column":26}},"1":{"start":{"line":2,"column":0},"end":{"line":2,"column":36}},"2":{"start":{"line":4,"column":0},"end":{"line":4,"column":43}},"3":{"start":{"line":14,"column":26},"end":{"line":19,"column":null}},"4":{"start":{"line":15,"column":2},"end":{"line":15,"column":12}},"5":{"start":{"line":15,"column":12},"end":{"line":15,"column":null}},"6":{"start":{"line":16,"column":10},"end":{"line":16,"column":null}},"7":{"start":{"line":17,"column":9},"end":{"line":17,"column":null}},"8":{"start":{"line":18,"column":9},"end":{"line":18,"column":null}},"9":{"start":{"line":19,"column":24},"end":{"line":45,"column":2}},"10":{"start":{"line":14,"column":13},"end":{"line":14,"column":26}}},"fnMap":{"0":{"name":"(anonymous_0)","decl":{"start":{"line":14,"column":26},"end":{"line":14,"column":27}},"loc":{"start":{"line":19,"column":19},"end":{"line":19,"column":null}}}},"branchMap":{"0":{"loc":{"start":{"line":15,"column":12},"end":{"line":15,"column":null}},"type":"cond-expr","locations":[{"start":{"line":15,"column":15},"end":{"line":15,"column":20}},{"start":{"line":15,"column":20},"end":{"line":15,"column":null}}]}},"s":{"0":7,"1":7,"2":7,"3":7,"4":0,"5":0,"6":0,"7":0,"8":0,"9":0,"10":7},"f":{"0":0},"b":{"0":[0,0]}}
}
