TN:
SF:src/Badge.tsx
FN:30,(anonymous_0)
FNF:1
FNH:1
FNDA:6,(anonymous_0)
DA:1,8
DA:2,8
DA:16,8
DA:24,8
DA:30,8
DA:31,6
DA:32,6
DA:33,6
DA:34,6
DA:35,6
DA:36,6
DA:38,6
DA:39,6
DA:41,6
LF:14
LH:14
BRDA:32,0,0,0
BRDA:32,0,1,6
BRDA:50,1,0,3
BRDA:50,1,1,3
BRDA:57,2,0,1
BRDA:57,2,1,5
BRF:6
BRH:5
end_of_record
TN:
SF:src/Button.tsx
FN:77,(anonymous_0)
FNF:1
FNH:1
FNDA:8,(anonymous_0)
DA:1,8
DA:2,8
DA:17,8
DA:50,8
DA:58,8
DA:77,8
DA:78,8
DA:79,8
DA:80,8
DA:81,8
DA:82,8
DA:83,8
DA:84,8
DA:85,8
DA:86,8
DA:88,8
DA:89,8
DA:91,8
LF:18
LH:18
BRDA:80,0,0,0
BRDA:80,0,1,8
BRDA:81,1,0,3
BRDA:81,1,1,5
BRDA:106,2,0,1
BRDA:106,2,1,7
BRDA:119,3,0,4
BRDA:119,3,1,4
BRDA:120,4,0,1
BRDA:120,4,1,3
BRDA:122,5,0,1
BRDA:122,5,1,7
BRF:12
BRH:11
end_of_record
TN:
SF:src/ButtonGroup.tsx
FN:16,(anonymous_0)
FN:22,(anonymous_1)
FN:34,(anonymous_2)
FNF:3
FNH:3
FNDA:4,(anonymous_0)
FNDA:11,(anonymous_1)
FNDA:1,(anonymous_2)
DA:1,8
DA:2,8
DA:16,8
DA:17,4
DA:18,4
DA:19,4
DA:20,4
DA:22,11
DA:34,1
LF:9
LH:9
BRDA:29,0,0,11
BRDA:29,0,1,7
BRF:2
BRH:2
end_of_record
TN:
SF:src/ColorBox.tsx
FN:5,(anonymous_0)
FNF:1
FNH:1
FNDA:4,(anonymous_0)
DA:1,8
DA:3,8
DA:5,8
LF:3
LH:3
BRF:0
BRH:0
end_of_record
TN:
SF:src/Paginate.tsx
FN:14,(anonymous_0)
FN:21,(anonymous_1)
FN:35,(anonymous_2)
FN:51,(anonymous_3)
FNF:4
FNH:4
FNDA:10,(anonymous_0)
FNDA:4,(anonymous_1)
FNDA:2,(anonymous_2)
FNDA:2,(anonymous_3)
DA:1,8
DA:2,8
DA:3,8
DA:4,8
DA:14,8
DA:15,10
DA:16,10
DA:17,10
DA:18,10
DA:19,10
DA:21,10
DA:22,4
DA:25,10
DA:26,6
DA:36,2
DA:37,1
DA:52,2
DA:53,1
DA:61,4
LF:19
LH:19
BRDA:25,0,0,6
BRDA:25,0,1,4
BRDA:36,1,0,1
BRDA:36,1,1,1
BRDA:52,2,0,1
BRDA:52,2,1,1
BRF:6
BRH:6
end_of_record
TN:
SF:src/RentalCard.tsx
FN:20,(anonymous_0)
FN:83,(anonymous_1)
FN:91,(anonymous_2)
FNF:3
FNH:3
FNDA:2,(anonymous_0)
FNDA:4,(anonymous_1)
FNDA:6,(anonymous_2)
DA:1,8
DA:2,8
DA:3,8
DA:4,8
DA:6,8
DA:14,8
DA:20,8
DA:21,2
DA:25,2
DA:83,4
DA:91,6
LF:11
LH:11
BRDA:33,0,0,1
BRDA:33,0,1,1
BRF:2
BRH:2
end_of_record
TN:
SF:src/Select.tsx
FN:16,(anonymous_0)
FN:31,(anonymous_1)
FN:64,(anonymous_2)
FN:70,(anonymous_3)
FNF:4
FNH:0
FNDA:0,(anonymous_0)
FNDA:0,(anonymous_1)
FNDA:0,(anonymous_2)
FNDA:0,(anonymous_3)
DA:1,8
DA:2,8
DA:3,8
DA:4,8
DA:16,8
DA:17,0
DA:18,0
DA:19,0
DA:20,0
DA:21,0
DA:22,0
DA:24,0
DA:31,0
DA:64,0
DA:70,0
LF:15
LH:5
BRDA:27,0,0,0
BRDA:27,0,1,0
BRDA:44,1,0,0
BRDA:44,1,1,0
BRDA:50,2,0,0
BRDA:50,2,1,0
BRDA:83,3,0,0
BRDA:83,3,1,0
BRF:8
BRH:0
end_of_record
TN:
SF:src/TextInput.tsx
FN:19,(anonymous_0)
FN:83,(anonymous_1)
FNF:2
FNH:2
FNDA:7,(anonymous_0)
FNDA:2,(anonymous_1)
DA:1,9
DA:2,9
DA:3,9
DA:19,9
DA:20,7
DA:21,7
DA:22,7
DA:23,7
DA:24,7
DA:25,7
DA:26,7
DA:27,7
DA:28,7
DA:29,7
DA:30,7
DA:32,7
DA:84,2
DA:85,1
LF:18
LH:18
BRDA:34,0,0,0
BRDA:34,0,1,7
BRDA:51,1,0,1
BRDA:51,1,1,6
BRDA:56,2,0,2
BRDA:56,2,1,5
BRDA:66,3,0,1
BRDA:66,3,1,6
BRDA:84,4,0,1
BRDA:84,4,1,1
BRDA:109,5,0,0
BRDA:109,5,1,7
BRDA:113,6,0,1
BRDA:113,6,1,6
BRF:14
BRH:12
end_of_record
TN:
SF:src/Typography.tsx
FN:60,(anonymous_0)
FNF:1
FNH:1
FNDA:63,(anonymous_0)
DA:1,11
DA:2,11
DA:27,11
DA:44,11
DA:60,11
DA:61,63
DA:62,63
DA:63,63
DA:64,63
DA:65,63
DA:66,63
DA:68,63
DA:69,63
DA:73,63
DA:74,63
DA:78,63
LF:16
LH:16
BRDA:62,0,0,0
BRDA:62,0,1,63
BRDA:64,1,0,15
BRDA:64,1,1,48
BRDA:74,2,0,0
BRDA:74,2,1,63
BRDA:76,3,0,10
BRDA:76,3,1,53
BRF:8
BRH:6
end_of_record
TN:
SF:src/index.tsx
FNF:0
FNH:0
DA:1,8
DA:2,8
DA:3,8
DA:4,8
DA:5,8
DA:6,8
DA:7,8
DA:8,8
DA:9,8
DA:11,8
DA:12,8
DA:14,8
DA:15,8
DA:16,8
LF:14
LH:14
BRF:0
BRH:0
end_of_record
TN:
SF:src/@interfaces/index.tsx
FNF:0
FNH:0
DA:1,8
DA:2,8
DA:3,8
DA:4,8
LF:4
LH:4
BRF:0
BRH:0
end_of_record
TN:
SF:src/data/colors.tsx
FNF:0
FNH:0
DA:3,8
LF:1
LH:1
BRF:0
BRH:0
end_of_record
TN:
SF:src/data/countries.tsx
FN:41,(anonymous_0)
FNF:1
FNH:1
FNDA:56,(anonymous_0)
DA:1,8
DA:3,8
DA:10,8
DA:41,56
LF:4
LH:4
BRF:0
BRH:0
end_of_record
TN:
SF:src/data/dates.tsx
FNF:0
FNH:0
DA:3,8
LF:1
LH:1
BRF:0
BRH:0
end_of_record
TN:
SF:src/data/figma.tsx
FNF:0
FNH:0
DA:14,8
LF:1
LH:1
BRF:0
BRH:0
end_of_record
TN:
SF:src/data/index.tsx
FNF:0
FNH:0
DA:1,8
DA:2,8
DA:3,8
DA:4,8
DA:5,8
DA:6,8
DA:7,8
DA:8,8
LF:8
LH:8
BRF:0
BRH:0
end_of_record
TN:
SF:src/data/navItems.tsx
FNF:0
FNH:0
DA:1,9
DA:3,9
DA:14,9
DA:87,9
LF:4
LH:4
BRF:0
BRH:0
end_of_record
TN:
SF:src/data/options.tsx
FNF:0
FNH:0
DA:1,8
DA:2,8
DA:4,8
DA:10,8
LF:4
LH:4
BRF:0
BRH:0
end_of_record
TN:
SF:src/data/prices.tsx
FNF:0
FNH:0
DA:3,8
LF:1
LH:1
BRF:0
BRH:0
end_of_record
TN:
SF:src/data/rentals.tsx
FNF:0
FNH:0
DA:2,8
DA:4,8
DA:20,8
DA:36,8
DA:52,8
LF:5
LH:5
BRF:0
BRH:0
end_of_record
TN:
SF:src/data/images/index.tsx
FNF:0
FNH:0
DA:25,9
DA:46,9
LF:2
LH:2
BRF:0
BRH:0
end_of_record
TN:
SF:src/helpers/useRentalRating.tsx
FN:6,(anonymous_0)
FN:12,(anonymous_1)
FN:16,(anonymous_2)
FNF:3
FNH:3
FNDA:6,(anonymous_0)
FNDA:18,(anonymous_1)
FNDA:12,(anonymous_2)
DA:6,9
DA:7,6
DA:8,6
DA:10,6
DA:12,18
DA:14,6
DA:16,12
DA:18,6
LF:8
LH:8
BRF:0
BRH:0
end_of_record
TN:
SF:src/nav/MobileNavbar.tsx
FN:11,(anonymous_0)
FNF:1
FNH:1
FNDA:5,(anonymous_0)
DA:1,9
DA:2,9
DA:3,9
DA:4,9
DA:11,9
LF:5
LH:5
BRF:0
BRH:0
end_of_record
TN:
SF:src/nav/NavItem.tsx
FN:20,(anonymous_0)
FN:36,(anonymous_1)
FN:87,(anonymous_2)
FN:92,(anonymous_3)
FN:100,(anonymous_4)
FN:106,(anonymous_5)
FNF:6
FNH:2
FNDA:16,(anonymous_0)
FNDA:0,(anonymous_1)
FNDA:0,(anonymous_2)
FNDA:0,(anonymous_3)
FNDA:6,(anonymous_4)
FNDA:0,(anonymous_5)
DA:1,10
DA:2,10
DA:4,10
DA:5,10
DA:7,10
DA:9,10
DA:20,10
DA:21,16
DA:22,16
DA:23,16
DA:24,16
DA:25,16
DA:26,16
DA:27,16
DA:36,0
DA:87,0
DA:92,0
DA:100,6
DA:106,0
LF:19
LH:15
BRDA:43,0,0,16
BRDA:43,0,1,2
BRDA:67,1,0,4
BRDA:67,1,1,12
BRDA:67,2,0,16
BRDA:67,2,1,4
BRDA:85,3,0,0
BRDA:85,3,1,16
BRDA:85,4,0,16
BRDA:85,4,1,0
BRDA:85,4,2,0
BRDA:85,4,3,0
BRDA:98,5,0,2
BRDA:98,5,1,14
BRDA:98,6,0,16
BRDA:98,6,1,8
BRDA:98,6,2,2
BRF:17
BRH:13
end_of_record
TN:
SF:src/nav/SideNav.tsx
FN:10,(anonymous_0)
FN:24,(anonymous_1)
FN:38,(anonymous_2)
FN:40,(anonymous_3)
FN:52,(anonymous_4)
FN:108,(anonymous_5)
FN:121,(anonymous_6)
FNF:7
FNH:1
FNDA:5,(anonymous_0)
FNDA:0,(anonymous_1)
FNDA:0,(anonymous_2)
FNDA:0,(anonymous_3)
FNDA:0,(anonymous_4)
FNDA:0,(anonymous_5)
FNDA:0,(anonymous_6)
DA:1,9
DA:2,9
DA:3,9
DA:4,9
DA:5,9
DA:6,9
DA:7,9
DA:10,9
DA:24,9
DA:25,0
DA:26,0
DA:27,0
DA:28,0
DA:29,0
DA:30,0
DA:31,0
DA:33,0
DA:34,0
DA:35,0
DA:36,0
DA:38,0
DA:40,0
DA:41,0
DA:42,0
DA:44,0
DA:45,0
DA:46,0
DA:47,0
DA:50,0
DA:51,0
DA:52,0
DA:54,0
DA:55,0
DA:59,0
DA:108,0
DA:121,0
LF:36
LH:9
BRDA:41,0,0,0
BRDA:41,0,1,0
BRDA:44,1,0,0
BRDA:44,1,1,0
BRDA:46,2,0,0
BRDA:46,2,1,0
BRDA:50,3,0,0
BRDA:50,3,1,0
BRDA:50,4,0,0
BRDA:50,4,1,0
BRDA:50,4,2,0
BRDA:54,5,0,0
BRDA:54,5,1,0
BRDA:54,6,0,0
BRDA:54,6,1,0
BRDA:86,7,0,0
BRDA:86,7,1,0
BRDA:151,8,0,0
BRDA:151,8,1,0
BRF:19
BRH:0
end_of_record
TN:
SF:src/nav/SubNavItem.tsx
FN:14,(anonymous_0)
FNF:1
FNH:1
FNDA:6,(anonymous_0)
DA:1,11
DA:2,11
DA:4,11
DA:14,11
DA:15,6
DA:16,6
DA:17,6
DA:18,6
DA:19,6
LF:9
LH:9
BRDA:15,0,0,3
BRDA:15,0,1,3
BRF:2
BRH:2
end_of_record
